<?xml version="1.0" encoding="UTF-8"?>
<testsuite name="MainTest" tests="8" skipped="0" failures="0" errors="0" timestamp="2024-03-28T19:24:47" hostname="DESKTOP-A97GDF4" time="0.009">
  <properties/>
  <testcase name="testMultipleStringsWithDigits" classname="MainTest" time="0.005"/>
  <testcase name="testSingleStringWithDigits" classname="MainTest" time="0.001"/>
  <testcase name="testSingleStringWithoutDigits" classname="MainTest" time="0.0"/>
  <testcase name="testMixedStrings" classname="MainTest" time="0.001"/>
  <testcase name="testInputWithSpaces" classname="MainTest" time="0.0"/>
  <testcase name="testAllStringsContainOnlyDigits" classname="MainTest" time="0.001"/>
  <testcase name="testAllStringsContainOnlyNonDigits" classname="MainTest" time="0.0"/>
  <testcase name="testMultipleStringsWithoutDigits" classname="MainTest" time="0.001"/>
  <system-out><![CDATA[]]></system-out>
  <system-err><![CDATA[]]></system-err>
</testsuite>
