<?xml version="1.0" encoding="UTF-8"?>
<testsuite name="MainTest" tests="8" skipped="0" failures="0" errors="0" timestamp="2024-03-26T19:17:47" hostname="DESKTOP-A97GDF4" time="0.008">
  <properties/>
  <testcase name="testInputWithUpperCaseOnly" classname="MainTest" time="0.005"/>
  <testcase name="testInputWithTwoCharacters" classname="MainTest" time="0.0"/>
  <testcase name="testInputWithMixedCase" classname="MainTest" time="0.0"/>
  <testcase name="testInputWithNumbersOnly" classname="MainTest" time="0.001"/>
  <testcase name="testInputWithLowerCaseOnly" classname="MainTest" time="0.0"/>
  <testcase name="testInputWithOneCharacter" classname="MainTest" time="0.0"/>
  <testcase name="testInputWithThreeCharacters" classname="MainTest" time="0.0"/>
  <testcase name="testInputWithSpecialCharacters" classname="MainTest" time="0.0"/>
  <system-out><![CDATA[]]></system-out>
  <system-err><![CDATA[]]></system-err>
</testsuite>
