<?xml version="1.0" encoding="UTF-8"?>
<testsuite name="MainTest" tests="8" skipped="0" failures="0" errors="0" timestamp="2024-03-26T12:45:39" hostname="DESKTOP-A97GDF4" time="0.007">
  <properties/>
  <testcase name="test1" classname="MainTest" time="0.004"/>
  <testcase name="test2" classname="MainTest" time="0.001"/>
  <testcase name="test3" classname="MainTest" time="0.0"/>
  <testcase name="test4" classname="MainTest" time="0.0"/>
  <testcase name="test5" classname="MainTest" time="0.001"/>
  <testcase name="test6" classname="MainTest" time="0.0"/>
  <testcase name="test7" classname="MainTest" time="0.0"/>
  <testcase name="test8" classname="MainTest" time="0.0"/>
  <system-out><![CDATA[]]></system-out>
  <system-err><![CDATA[]]></system-err>
</testsuite>
